Using pre-set license
Built from '2020.3/staging' branch; Version is '2020.3.19f1 (68f137dc9bbe) revision 6877495'; Using compiler version '192528614'; Build Type 'Release'
OS: 'Windows 10 Pro; OS build 19042.1237; Version 2009; 64bit' Language: 'es' Physical Memory: 16342 MB
BatchMode: 1, IsHumanControllingUs: 0, StartBugReporterOnCrash: 0, Is64bit: 1, IsPro: 0

COMMAND LINE ARGUMENTS:
C:\Program Files\Unity\Hub\Editor\2020.3.19f1\Editor\Unity.exe
-adb2
-batchMode
-noUpm
-name
AssetImportWorker0
-projectPath
D:/Javier_Beltran_Prats/Javier-Beltr-n-Tema1/Mi primer proyecto
-logFile
Logs/AssetImportWorker0.log
-srvPort
62749
Successfully changed project path to: D:/Javier_Beltran_Prats/Javier-Beltr-n-Tema1/Mi primer proyecto
D:/Javier_Beltran_Prats/Javier-Beltr-n-Tema1/Mi primer proyecto
Using Asset Import Pipeline V2.
Refreshing native plugins compatible for Editor in 37.02 ms, found 2 plugins.
Preloading 0 native plugins for Editor in 0.00 ms.
Initialize engine version: 2020.3.19f1 (68f137dc9bbe)
[Subsystems] Discovering subsystems at path C:/Program Files/Unity/Hub/Editor/2020.3.19f1/Editor/Data/Resources/UnitySubsystems
[Subsystems] Discovering subsystems at path D:/Javier_Beltran_Prats/Javier-Beltr-n-Tema1/Mi primer proyecto/Assets
GfxDevice: creating device client; threaded=0
Direct3D:
    Version:  Direct3D 11.0 [level 11.1]
    Renderer: NVIDIA GeForce GTX 1050 Ti (ID=0x1c82)
    Vendor:   
    VRAM:     4018 MB
    Driver:   27.21.14.5671
Initialize mono
Mono path[0] = 'C:/Program Files/Unity/Hub/Editor/2020.3.19f1/Editor/Data/Managed'
Mono path[1] = 'C:/Program Files/Unity/Hub/Editor/2020.3.19f1/Editor/Data/MonoBleedingEdge/lib/mono/unityjit'
Mono config path = 'C:/Program Files/Unity/Hub/Editor/2020.3.19f1/Editor/Data/MonoBleedingEdge/etc'
Using monoOptions --debugger-agent=transport=dt_socket,embedding=1,server=y,suspend=n,address=127.0.0.1:56584
Begin MonoManager ReloadAssembly
Registering precompiled unity dll's ...
Register platform support module: C:/Program Files/Unity/Hub/Editor/2020.3.19f1/Editor/Data/PlaybackEngines/WindowsStandaloneSupport/UnityEditor.WindowsStandalone.Extensions.dll
Registered in 0.002075 seconds.
Native extension for WindowsStandalone target not found
Refreshing native plugins compatible for Editor in 30.87 ms, found 2 plugins.
Preloading 0 native plugins for Editor in 0.00 ms.
Mono: successfully reloaded assembly
- Completed reload, in  1.200 seconds
Domain Reload Profiling:
	ReloadAssembly (1200ms)
		BeginReloadAssembly (64ms)
			ExecutionOrderSort (0ms)
			DisableScriptedObjects (0ms)
			BackupInstance (0ms)
			ReleaseScriptingObjects (0ms)
			CreateAndSetChildDomain (1ms)
		EndReloadAssembly (463ms)
			LoadAssemblies (62ms)
			RebuildTransferFunctionScriptingTraits (0ms)
			SetupTypeCache (177ms)
			ReleaseScriptCaches (0ms)
			RebuildScriptCaches (36ms)
			SetupLoadedEditorAssemblies (173ms)
				LogAssemblyErrors (0ms)
				InitializePlatformSupportModulesInManaged (4ms)
				SetLoadedEditorAssemblies (0ms)
				RefreshPlugins (31ms)
				BeforeProcessingInitializeOnLoad (10ms)
				ProcessInitializeOnLoadAttributes (94ms)
				ProcessInitializeOnLoadMethodAttributes (34ms)
				AfterProcessingInitializeOnLoad (0ms)
				EditorAssembliesLoaded (0ms)
			ExecutionOrderSort2 (0ms)
			AwakeInstancesAfterBackupRestoration (0ms)
Platform modules already initialized, skipping
Registering precompiled user dll's ...
Registered in 0.002289 seconds.
Begin MonoManager ReloadAssembly
Native extension for WindowsStandalone target not found
Refreshing native plugins compatible for Editor in 0.36 ms, found 2 plugins.
Preloading 0 native plugins for Editor in 0.00 ms.
Mono: successfully reloaded assembly
- Completed reload, in  1.101 seconds
Domain Reload Profiling:
	ReloadAssembly (1102ms)
		BeginReloadAssembly (163ms)
			ExecutionOrderSort (0ms)
			DisableScriptedObjects (5ms)
			BackupInstance (0ms)
			ReleaseScriptingObjects (0ms)
			CreateAndSetChildDomain (20ms)
		EndReloadAssembly (870ms)
			LoadAssemblies (92ms)
			RebuildTransferFunctionScriptingTraits (0ms)
			SetupTypeCache (304ms)
			ReleaseScriptCaches (0ms)
			RebuildScriptCaches (46ms)
			SetupLoadedEditorAssemblies (322ms)
				LogAssemblyErrors (0ms)
				InitializePlatformSupportModulesInManaged (6ms)
				SetLoadedEditorAssemblies (1ms)
				RefreshPlugins (0ms)
				BeforeProcessingInitializeOnLoad (58ms)
				ProcessInitializeOnLoadAttributes (245ms)
				ProcessInitializeOnLoadMethodAttributes (5ms)
				AfterProcessingInitializeOnLoad (7ms)
				EditorAssembliesLoaded (0ms)
			ExecutionOrderSort2 (0ms)
			AwakeInstancesAfterBackupRestoration (8ms)
Platform modules already initialized, skipping
========================================================================
Worker process is ready to serve import requests
Launched and connected shader compiler UnityShaderCompiler.exe after 0.05 seconds
Refreshing native plugins compatible for Editor in 0.36 ms, found 2 plugins.
Preloading 0 native plugins for Editor in 0.00 ms.
Unloading 1397 Unused Serialized files (Serialized files now loaded: 0)
System memory in use before: 77.1 MB.
System memory in use after: 77.1 MB.

Unloading 16 unused Assets to reduce memory usage. Loaded Objects now: 1846.
Total: 3.596000 ms (FindLiveObjects: 0.192600 ms CreateObjectMapping: 0.043400 ms MarkObjects: 3.193600 ms  DeleteObjects: 0.165200 ms)

AssetImportParameters requested are different than current active one (requested -> active):
  custom:framework-win-MediaFoundation: 216162199b28c13a410421893ffa2e32 -> 
  custom:video-decoder-ogg-theora: a1e56fd34408186e4bbccfd4996cb3dc -> 
  custom:container-muxer-webm: aa71ff27fc2769a1b78a27578f13a17b -> 
  custom:container-demuxer-webm: 4f35f7cbe854078d1ac9338744f61a02 -> 
  custom:container-demuxer-ogg: 62fdf1f143b41e24485cea50d1cbac27 -> 
  custom:video-encoder-webm-vp8: eb34c28f22e8b96e1ab97ce403110664 -> 
  custom:video-decoder-webm-vp8: 9c59270c3fd7afecdb556c50c9e8de78 -> 
  custom:audio-decoder-ogg-vorbis: bf7c407c2cedff20999df2af8eb42d56 -> 
  custom:audio-encoder-webm-vorbis: bf7c407c2cedff20999df2af8eb42d56 -> 
========================================================================
Received Import Request.
  path: Assets/New Terrain.asset
  artifactKey: Guid(33933beb2bff05c4c923edde7c207973) Importer(815301076,1909f56bfc062723c751e8b465ee728b)
Start importing Assets/New Terrain.asset using Guid(33933beb2bff05c4c923edde7c207973) Importer(815301076,1909f56bfc062723c751e8b465ee728b)  -> (artifact id: 'e75dddd07f82ba1468ab03fe1f62b5c6') in 0.038218 seconds 
  Import took 0.040680 seconds .

========================================================================
Received Import Request.
  Time since last request: 282.520038 seconds.
  path: Assets
  artifactKey: Guid(00000000000000001000000000000000) Importer(815301076,1909f56bfc062723c751e8b465ee728b)
Start importing Assets using Guid(00000000000000001000000000000000) Importer(815301076,1909f56bfc062723c751e8b465ee728b)  -> (artifact id: '42d402b061de3733987d63b9cc3b64de') in 0.001390 seconds 
  Import took 0.004764 seconds .

========================================================================
Received Import Request.
  Time since last request: 9.894716 seconds.
  path: Assets/Materiales
  artifactKey: Guid(4abefe48b3231c34386572d4c9c4d986) Importer(815301076,1909f56bfc062723c751e8b465ee728b)
Start importing Assets/Materiales using Guid(4abefe48b3231c34386572d4c9c4d986) Importer(815301076,1909f56bfc062723c751e8b465ee728b)  -> (artifact id: '83dc2ea6548acc65a5577eeabeb087d7') in 0.002555 seconds 
  Import took 0.005455 seconds .

========================================================================
Received Import Request.
  Time since last request: 53.618828 seconds.
  path: Assets/Materiales/Blue_Mat.mat
  artifactKey: Guid(f328330d00ac5194292b2190f28a8425) Importer(815301076,1909f56bfc062723c751e8b465ee728b)
Start importing Assets/Materiales/Blue_Mat.mat using Guid(f328330d00ac5194292b2190f28a8425) Importer(815301076,1909f56bfc062723c751e8b465ee728b)  -> (artifact id: 'e85d1b3faf5ec5b89b5c49e8e18fd305') in 0.095531 seconds 
  Import took 0.098174 seconds .

========================================================================
Received Import Request.
  Time since last request: 11.680196 seconds.
  path: Assets/Materials
  artifactKey: Guid(4abefe48b3231c34386572d4c9c4d986) Importer(815301076,1909f56bfc062723c751e8b465ee728b)
Start importing Assets/Materials using Guid(4abefe48b3231c34386572d4c9c4d986) Importer(815301076,1909f56bfc062723c751e8b465ee728b)  -> (artifact id: '4fdd1f393452387343a57ed716673b46') in 0.000996 seconds 
  Import took 0.004010 seconds .

========================================================================
Received Import Request.
  Time since last request: 1009.033813 seconds.
  path: Assets/Textures
  artifactKey: Guid(f20e482632667fe4db0ac824def51a3d) Importer(815301076,1909f56bfc062723c751e8b465ee728b)
Start importing Assets/Textures using Guid(f20e482632667fe4db0ac824def51a3d) Importer(815301076,1909f56bfc062723c751e8b465ee728b)  -> (artifact id: '8a1e6904f09d5e8ad2aa3c381b56f522') in 0.003132 seconds 
  Import took 0.006440 seconds .

========================================================================
Received Import Request.
  Time since last request: 49.936725 seconds.
  path: Assets/Textures/seamless-pattern-of-circuit-board-black.png
  artifactKey: Guid(b9dfee90f7de95b4792ef2bd1d832585) Importer(815301076,1909f56bfc062723c751e8b465ee728b)
Start importing Assets/Textures/seamless-pattern-of-circuit-board-black.png using Guid(b9dfee90f7de95b4792ef2bd1d832585) Importer(815301076,1909f56bfc062723c751e8b465ee728b)  -> (artifact id: '684cdf43389dd51f02d168487bc27348') in 0.022855 seconds 
  Import took 0.025718 seconds .

========================================================================
Received Import Request.
  Time since last request: 181.854200 seconds.
  path: Assets/Materials/seamless-pattern-of-circuit-board-black.mat
  artifactKey: Guid(101b5e6f57354a24483b0d3de7952fab) Importer(815301076,1909f56bfc062723c751e8b465ee728b)
Start importing Assets/Materials/seamless-pattern-of-circuit-board-black.mat using Guid(101b5e6f57354a24483b0d3de7952fab) Importer(815301076,1909f56bfc062723c751e8b465ee728b)  -> (artifact id: '54a95b37a6bd16cd638bad7a3d49139c') in 0.009111 seconds 
  Import took 0.012154 seconds .

========================================================================
Received Import Request.
  Time since last request: 244.452330 seconds.
  path: Assets/Materials/Chips_Mat.mat
  artifactKey: Guid(f328330d00ac5194292b2190f28a8425) Importer(815301076,1909f56bfc062723c751e8b465ee728b)
Start importing Assets/Materials/Chips_Mat.mat using Guid(f328330d00ac5194292b2190f28a8425) Importer(815301076,1909f56bfc062723c751e8b465ee728b)  -> (artifact id: 'cba23b96ef7ef690dc27e592ec050960') in 0.015842 seconds 
  Import took 0.018789 seconds .

========================================================================
Received Import Request.
  Time since last request: 19.560130 seconds.
  path: Assets/Materials/Negro_Mat.mat
  artifactKey: Guid(204f8fe47979fc84e8d06a5a06251892) Importer(815301076,1909f56bfc062723c751e8b465ee728b)
Start importing Assets/Materials/Negro_Mat.mat using Guid(204f8fe47979fc84e8d06a5a06251892) Importer(815301076,1909f56bfc062723c751e8b465ee728b)  -> (artifact id: 'ea8c2b4198975e4f01fcbf9e3cd5f411') in 0.011986 seconds 
  Import took 0.014941 seconds .

========================================================================
Received Import Request.
  Time since last request: 258.404805 seconds.
  path: Assets/Materials/Negro_met_Mat.mat
  artifactKey: Guid(2ec744ee77d5ff247810b28a155af3f1) Importer(815301076,1909f56bfc062723c751e8b465ee728b)
Start importing Assets/Materials/Negro_met_Mat.mat using Guid(2ec744ee77d5ff247810b28a155af3f1) Importer(815301076,1909f56bfc062723c751e8b465ee728b)  -> (artifact id: 'd81050ce55b1c1bc6d2c74c5892df918') in 0.018793 seconds 
  Import took 0.021565 seconds .

========================================================================
Received Import Request.
  Time since last request: 65.814571 seconds.
  path: Assets/Materials/Rojo_Mat.mat
  artifactKey: Guid(21323af719d094441ad590f589150871) Importer(815301076,1909f56bfc062723c751e8b465ee728b)
Start importing Assets/Materials/Rojo_Mat.mat using Guid(21323af719d094441ad590f589150871) Importer(815301076,1909f56bfc062723c751e8b465ee728b)  -> (artifact id: 'eae24610acfbae54284b2eda190fd4fa') in 0.011416 seconds 
  Import took 0.014450 seconds .

========================================================================
Received Import Request.
  Time since last request: 852.073848 seconds.
  path: Assets/Tree.prefab
  artifactKey: Guid(cb23618d3c14d2b4fa8626e8292f65de) Importer(815301076,1909f56bfc062723c751e8b465ee728b)
Start importing Assets/Tree.prefab using Guid(cb23618d3c14d2b4fa8626e8292f65de) Importer(815301076,1909f56bfc062723c751e8b465ee728b)  -> (artifact id: '586f49790200b46caf2ae288526f20b3') in 0.437840 seconds 
  Import took 0.441274 seconds .

========================================================================
Received Import Request.
  Time since last request: 485.055625 seconds.
  path: Assets/Materials/Chips_Mat.mat
  artifactKey: Guid(f328330d00ac5194292b2190f28a8425) Importer(815301076,1909f56bfc062723c751e8b465ee728b)
Start importing Assets/Materials/Chips_Mat.mat using Guid(f328330d00ac5194292b2190f28a8425) Importer(815301076,1909f56bfc062723c751e8b465ee728b)  -> (artifact id: 'a3ea2311214f42ae020131cf79db4b40') in 0.011236 seconds 
  Import took 0.014439 seconds .

========================================================================
Received Import Request.
  Time since last request: 0.000303 seconds.
  path: Assets/Materials/Negro_Mat.mat
  artifactKey: Guid(204f8fe47979fc84e8d06a5a06251892) Importer(815301076,1909f56bfc062723c751e8b465ee728b)
Start importing Assets/Materials/Negro_Mat.mat using Guid(204f8fe47979fc84e8d06a5a06251892) Importer(815301076,1909f56bfc062723c751e8b465ee728b)  -> (artifact id: 'd83efeddcbcea9370f2e1ec224bdb4ec') in 0.007583 seconds 
  Import took 0.009851 seconds .

========================================================================
Received Import Request.
  Time since last request: 0.000293 seconds.
  path: Assets/Materials/Rojo_Mat.mat
  artifactKey: Guid(21323af719d094441ad590f589150871) Importer(815301076,1909f56bfc062723c751e8b465ee728b)
Start importing Assets/Materials/Rojo_Mat.mat using Guid(21323af719d094441ad590f589150871) Importer(815301076,1909f56bfc062723c751e8b465ee728b)  -> (artifact id: '9a644eab9f76ed2aa742790f7e78a4a3') in 0.008263 seconds 
  Import took 0.011250 seconds .

========================================================================
Received Import Request.
  Time since last request: 0.000269 seconds.
  path: Assets/Materials/Negro_met_Mat.mat
  artifactKey: Guid(2ec744ee77d5ff247810b28a155af3f1) Importer(815301076,1909f56bfc062723c751e8b465ee728b)
Start importing Assets/Materials/Negro_met_Mat.mat using Guid(2ec744ee77d5ff247810b28a155af3f1) Importer(815301076,1909f56bfc062723c751e8b465ee728b)  -> (artifact id: '22ced1ac0ae54e5424fb8a58d5af2950') in 0.007836 seconds 
  Import took 0.010779 seconds .

========================================================================
Received Import Request.
  Time since last request: 118.756028 seconds.
  path: Assets/Materials/New Material.mat
  artifactKey: Guid(79cf0f4fc9b793c4bb406bb38bfa6a0d) Importer(815301076,1909f56bfc062723c751e8b465ee728b)
Start importing Assets/Materials/New Material.mat using Guid(79cf0f4fc9b793c4bb406bb38bfa6a0d) Importer(815301076,1909f56bfc062723c751e8b465ee728b)  -> (artifact id: '4dc15dd03556d3e403d1e03d5e2a5589') in 0.007403 seconds 
  Import took 0.011185 seconds .

========================================================================
Received Import Request.
  Time since last request: 38.761008 seconds.
  path: Assets/Tree_Textures/diffuse.png
  artifactKey: Guid(b2802452593ea3445b7e33eb99a15f62) Importer(815301076,1909f56bfc062723c751e8b465ee728b)
Start importing Assets/Tree_Textures/diffuse.png using Guid(b2802452593ea3445b7e33eb99a15f62) Importer(815301076,1909f56bfc062723c751e8b465ee728b)  -> (artifact id: '638032c662fc9e8b1649277e59917756') in 0.007146 seconds 
  Import took 0.009856 seconds .

========================================================================
Received Import Request.
  Time since last request: 0.000298 seconds.
  path: Assets/Tree_Textures/translucency_gloss.png
  artifactKey: Guid(c2e22b813fbdca24a8112ba86290335b) Importer(815301076,1909f56bfc062723c751e8b465ee728b)
Start importing Assets/Tree_Textures/translucency_gloss.png using Guid(c2e22b813fbdca24a8112ba86290335b) Importer(815301076,1909f56bfc062723c751e8b465ee728b)  -> (artifact id: '447075a6292716b6eba13af02048d6ee') in 0.036988 seconds 
  Import took 0.039850 seconds .

========================================================================
Received Import Request.
  Time since last request: 0.000299 seconds.
  path: Assets/Tree_Textures/shadow.png
  artifactKey: Guid(618e69a0d2d157745ab252c5ad3c8370) Importer(815301076,1909f56bfc062723c751e8b465ee728b)
Start importing Assets/Tree_Textures/shadow.png using Guid(618e69a0d2d157745ab252c5ad3c8370) Importer(815301076,1909f56bfc062723c751e8b465ee728b)  -> (artifact id: '2d02c53330300816cddb225934282a48') in 0.009864 seconds 
  Import took 0.012555 seconds .

========================================================================
Received Import Request.
  Time since last request: 0.000316 seconds.
  path: Assets/Tree_Textures/normal_specular.png
  artifactKey: Guid(8f2f870ef1445414ba378f82c4c19e8c) Importer(815301076,1909f56bfc062723c751e8b465ee728b)
Start importing Assets/Tree_Textures/normal_specular.png using Guid(8f2f870ef1445414ba378f82c4c19e8c) Importer(815301076,1909f56bfc062723c751e8b465ee728b)  -> (artifact id: '466a45c2ed56472670e51dcad8fb9d85') in 0.005290 seconds 
  Import took 0.007932 seconds .

========================================================================
Received Import Request.
  Time since last request: 163.858739 seconds.
  path: Assets/Textures/images.jfif
  artifactKey: Guid(eaddf7f18afbbba40b4061a6d88c3f1b) Importer(815301076,1909f56bfc062723c751e8b465ee728b)
Start importing Assets/Textures/images.jfif using Guid(eaddf7f18afbbba40b4061a6d88c3f1b) Importer(815301076,1909f56bfc062723c751e8b465ee728b)  -> (artifact id: 'bc7f9f7aa980c60bfd6c65746bfc5012') in 0.005225 seconds 
  Import took 0.007975 seconds .

========================================================================
Received Import Request.
  Time since last request: 37.539859 seconds.
  path: Assets/Textures/carpet-textures-27.jpg
  artifactKey: Guid(4bccbf2f3d7bfd3418fd3a85363061cc) Importer(815301076,1909f56bfc062723c751e8b465ee728b)
Start importing Assets/Textures/carpet-textures-27.jpg using Guid(4bccbf2f3d7bfd3418fd3a85363061cc) Importer(815301076,1909f56bfc062723c751e8b465ee728b)  -> (artifact id: 'e076dec5d9082a2c9cf49991feaeb620') in 0.012430 seconds 
  Import took 0.015482 seconds .

========================================================================
Received Import Request.
  Time since last request: 148.507114 seconds.
  path: Assets/Textures/82663481-textura-de-m치rmol-blanco-fondo-transparente.jpg
  artifactKey: Guid(30f1e6cbb7cec7742a4e0dcfb48ea4c3) Importer(815301076,1909f56bfc062723c751e8b465ee728b)
Start importing Assets/Textures/82663481-textura-de-m치rmol-blanco-fondo-transparente.jpg using Guid(30f1e6cbb7cec7742a4e0dcfb48ea4c3) Importer(815301076,1909f56bfc062723c751e8b465ee728b)  -> (artifact id: 'c60fa7f60e7df74a90701583b262c3c5') in 0.014752 seconds 
  Import took 0.018164 seconds .

========================================================================
Received Import Request.
  Time since last request: 196.463122 seconds.
  path: Assets/Materials/82663481-textura-de-m치rmol-blanco-fondo-transparente.mat
  artifactKey: Guid(3dfb02f6ef0b5db4187f1a3409c9b216) Importer(815301076,1909f56bfc062723c751e8b465ee728b)
Start importing Assets/Materials/82663481-textura-de-m치rmol-blanco-fondo-transparente.mat using Guid(3dfb02f6ef0b5db4187f1a3409c9b216) Importer(815301076,1909f56bfc062723c751e8b465ee728b)  -> (artifact id: '870475997d9520045c1ed4688c74a6b9') in 0.012652 seconds 
  Import took 0.015593 seconds .

========================================================================
Received Import Request.
  Time since last request: 0.000275 seconds.
  path: Assets/Materials/carpet-textures-27.mat
  artifactKey: Guid(d6da9cefd2b4ca941bff82a19fcf95cf) Importer(815301076,1909f56bfc062723c751e8b465ee728b)
Start importing Assets/Materials/carpet-textures-27.mat using Guid(d6da9cefd2b4ca941bff82a19fcf95cf) Importer(815301076,1909f56bfc062723c751e8b465ee728b)  -> (artifact id: '79b0a65236a11058d829285a26638931') in 0.010833 seconds 
  Import took 0.015058 seconds .

========================================================================
Received Import Request.
  Time since last request: 193.333044 seconds.
  path: Assets/prefab
  artifactKey: Guid(b30855cacfa92aa418eeffca15b253e0) Importer(815301076,1909f56bfc062723c751e8b465ee728b)
Start importing Assets/prefab using Guid(b30855cacfa92aa418eeffca15b253e0) Importer(815301076,1909f56bfc062723c751e8b465ee728b)  -> (artifact id: '620a75f4461d46b0d47904f5d95557f4') in 0.002758 seconds 
  Import took 0.005875 seconds .

========================================================================
Received Import Request.
  Time since last request: 6.486066 seconds.
  path: Assets/prefabs
  artifactKey: Guid(b30855cacfa92aa418eeffca15b253e0) Importer(815301076,1909f56bfc062723c751e8b465ee728b)
Start importing Assets/prefabs using Guid(b30855cacfa92aa418eeffca15b253e0) Importer(815301076,1909f56bfc062723c751e8b465ee728b)  -> (artifact id: 'a6caae44ef4b5c2a84c9c5966cff2acc') in 0.000910 seconds 
  Import took 0.003720 seconds .

========================================================================
Received Import Request.
  Time since last request: 255.051865 seconds.
  path: Assets/prefabs/temple.prefab
  artifactKey: Guid(6408853cffd31014ab7708c88beab2a1) Importer(815301076,1909f56bfc062723c751e8b465ee728b)
Start importing Assets/prefabs/temple.prefab using Guid(6408853cffd31014ab7708c88beab2a1) Importer(815301076,1909f56bfc062723c751e8b465ee728b)  -> (artifact id: '4be16a930c216b07a5a165b5db55bd82') in 0.016145 seconds 
  Import took 0.019067 seconds .

========================================================================
Received Import Request.
  Time since last request: 52.920537 seconds.
  path: Assets/prefabs/temple.prefab
  artifactKey: Guid(6408853cffd31014ab7708c88beab2a1) Importer(815301076,1909f56bfc062723c751e8b465ee728b)
Start importing Assets/prefabs/temple.prefab using Guid(6408853cffd31014ab7708c88beab2a1) Importer(815301076,1909f56bfc062723c751e8b465ee728b)  -> (artifact id: '314fe43e0eb7f33097d58b1431669108') in 0.010415 seconds 
  Import took 0.013355 seconds .

========================================================================
Received Import Request.
  Time since last request: 78.821332 seconds.
  path: Assets/Textures/95a071fc4fd955e9e030689430361dc3.jpg
  artifactKey: Guid(fb596ba954c81404fbe91b2e445c96c8) Importer(815301076,1909f56bfc062723c751e8b465ee728b)
Start importing Assets/Textures/95a071fc4fd955e9e030689430361dc3.jpg using Guid(fb596ba954c81404fbe91b2e445c96c8) Importer(815301076,1909f56bfc062723c751e8b465ee728b)  -> (artifact id: '21504bae2a7b9ea197cc7ee3c9041a8b') in 0.009097 seconds 
  Import took 0.012777 seconds .

========================================================================
Received Import Request.
  Time since last request: 26.679379 seconds.
  path: Assets/Materials/95a071fc4fd955e9e030689430361dc3.mat
  artifactKey: Guid(e63d035aaa434f541bc586d6cf807ccd) Importer(815301076,1909f56bfc062723c751e8b465ee728b)
Start importing Assets/Materials/95a071fc4fd955e9e030689430361dc3.mat using Guid(e63d035aaa434f541bc586d6cf807ccd) Importer(815301076,1909f56bfc062723c751e8b465ee728b)  -> (artifact id: 'c93fb7ae7bae06de438267bba732cac5') in 0.009822 seconds 
  Import took 0.012757 seconds .

========================================================================
Received Import Request.
  Time since last request: 211.708096 seconds.
  path: Assets/prefabs/temple.prefab
  artifactKey: Guid(6408853cffd31014ab7708c88beab2a1) Importer(815301076,1909f56bfc062723c751e8b465ee728b)
Start importing Assets/prefabs/temple.prefab using Guid(6408853cffd31014ab7708c88beab2a1) Importer(815301076,1909f56bfc062723c751e8b465ee728b)  -> (artifact id: 'e2cb939e759faefbb665c7f2a0c5347a') in 0.013099 seconds 
  Import took 0.016583 seconds .

========================================================================
Received Import Request.
  Time since last request: 44.793200 seconds.
  path: Assets/prefabs/temple (4).prefab
  artifactKey: Guid(14757f950e1f94545a2a46979f77488f) Importer(815301076,1909f56bfc062723c751e8b465ee728b)
Start importing Assets/prefabs/temple (4).prefab using Guid(14757f950e1f94545a2a46979f77488f) Importer(815301076,1909f56bfc062723c751e8b465ee728b)  -> (artifact id: '9a5c8676635b959e80f55b7b09a36e42') in 0.012129 seconds 
  Import took 0.015748 seconds .

========================================================================
Received Import Request.
  Time since last request: 264.515296 seconds.
  path: Assets/prefabs/temple (5) Variant.prefab
  artifactKey: Guid(ac087062b644c3f469a425b2c40050a9) Importer(815301076,1909f56bfc062723c751e8b465ee728b)
Start importing Assets/prefabs/temple (5) Variant.prefab using Guid(ac087062b644c3f469a425b2c40050a9) Importer(815301076,1909f56bfc062723c751e8b465ee728b)  -> (artifact id: 'c9668b5b1a526f4899799ec925a05a11') in 0.013795 seconds 
  Import took 0.017453 seconds .

========================================================================
Received Import Request.
  Time since last request: 737.152573 seconds.
  path: Assets/prefabs/npc.prefab
  artifactKey: Guid(eb6fc0d593fc4dc4c9fc52948ba5d71e) Importer(815301076,1909f56bfc062723c751e8b465ee728b)
Start importing Assets/prefabs/npc.prefab using Guid(eb6fc0d593fc4dc4c9fc52948ba5d71e) Importer(815301076,1909f56bfc062723c751e8b465ee728b)  -> (artifact id: '75d21adf04f6d925df4e3e81cb5642df') in 0.044385 seconds 
  Import took 0.048018 seconds .

========================================================================
Received Import Request.
  Time since last request: 133.271890 seconds.
  path: Assets/Materials/New Material.mat
  artifactKey: Guid(79cf0f4fc9b793c4bb406bb38bfa6a0d) Importer(815301076,1909f56bfc062723c751e8b465ee728b)
Start importing Assets/Materials/New Material.mat using Guid(79cf0f4fc9b793c4bb406bb38bfa6a0d) Importer(815301076,1909f56bfc062723c751e8b465ee728b)  -> (artifact id: '20e622dcfc2768f564c4bd651a15099b') in 0.009150 seconds 
  Import took 0.012350 seconds .

========================================================================
Received Import Request.
  Time since last request: 18.741048 seconds.
  path: Assets/Materials/New Material 1.mat
  artifactKey: Guid(0a168c5aacbcfab4899d7eef896be24f) Importer(815301076,1909f56bfc062723c751e8b465ee728b)
Start importing Assets/Materials/New Material 1.mat using Guid(0a168c5aacbcfab4899d7eef896be24f) Importer(815301076,1909f56bfc062723c751e8b465ee728b)  -> (artifact id: '9b315d059aa1d047bbc50e59b5170688') in 0.011692 seconds 
  Import took 0.014889 seconds .

========================================================================
Received Import Request.
  Time since last request: 44.430227 seconds.
  path: Assets/Materials/chip_malo_mat.mat
  artifactKey: Guid(101b5e6f57354a24483b0d3de7952fab) Importer(815301076,1909f56bfc062723c751e8b465ee728b)
Start importing Assets/Materials/chip_malo_mat.mat using Guid(101b5e6f57354a24483b0d3de7952fab) Importer(815301076,1909f56bfc062723c751e8b465ee728b)  -> (artifact id: '1500cba2b3543dec43263ad1cef2dfbe') in 0.009913 seconds 
  Import took 0.012484 seconds .

========================================================================
Received Import Request.
  Time since last request: 47.124845 seconds.
  path: Assets/Materials/New Material 2.mat
  artifactKey: Guid(95f2dd3b280f3da438af9aec4a3da6ad) Importer(815301076,1909f56bfc062723c751e8b465ee728b)
Start importing Assets/Materials/New Material 2.mat using Guid(95f2dd3b280f3da438af9aec4a3da6ad) Importer(815301076,1909f56bfc062723c751e8b465ee728b)  -> (artifact id: '97b3926fba897e916696410c92f8996e') in 0.010684 seconds 
  Import took 0.013833 seconds .

========================================================================
Received Import Request.
  Time since last request: 35.641224 seconds.
  path: Assets/Materials/blue_mat.mat
  artifactKey: Guid(21323af719d094441ad590f589150871) Importer(815301076,1909f56bfc062723c751e8b465ee728b)
Start importing Assets/Materials/blue_mat.mat using Guid(21323af719d094441ad590f589150871) Importer(815301076,1909f56bfc062723c751e8b465ee728b)  -> (artifact id: 'e5c354317f5d886078720e786ebc2666') in 0.011572 seconds 
  Import took 0.015126 seconds .

========================================================================
Received Import Request.
  Time since last request: 10.569011 seconds.
  path: Assets/Materials/rojo_mat.mat
  artifactKey: Guid(79cf0f4fc9b793c4bb406bb38bfa6a0d) Importer(815301076,1909f56bfc062723c751e8b465ee728b)
Start importing Assets/Materials/rojo_mat.mat using Guid(79cf0f4fc9b793c4bb406bb38bfa6a0d) Importer(815301076,1909f56bfc062723c751e8b465ee728b)  -> (artifact id: '560636d48e2372300ad38c7a5c64a3e1') in 0.012380 seconds 
  Import took 0.015747 seconds .

========================================================================
Received Import Request.
  Time since last request: 113.463959 seconds.
  path: Assets/prefabs/enemigo Variant.prefab
  artifactKey: Guid(b50a34ee8ef99724198ae7c33d65dbf3) Importer(815301076,1909f56bfc062723c751e8b465ee728b)
Start importing Assets/prefabs/enemigo Variant.prefab using Guid(b50a34ee8ef99724198ae7c33d65dbf3) Importer(815301076,1909f56bfc062723c751e8b465ee728b)  -> (artifact id: '7cc5a63e812e7017381c888c892b2730') in 0.012464 seconds 
  Import took 0.016045 seconds .

========================================================================
Received Import Request.
  Time since last request: 733.286204 seconds.
  path: Assets/prefabs/enemigo Variant.prefab
  artifactKey: Guid(b50a34ee8ef99724198ae7c33d65dbf3) Importer(815301076,1909f56bfc062723c751e8b465ee728b)
Start importing Assets/prefabs/enemigo Variant.prefab using Guid(b50a34ee8ef99724198ae7c33d65dbf3) Importer(815301076,1909f56bfc062723c751e8b465ee728b)  -> (artifact id: 'e5732363b9ac26a42a85c25ee663fff1') in 0.015950 seconds 
  Import took 0.019833 seconds .

AssetImportWorkerClient::OnTransportError - code=2 error=End of file
